<?xml version="1.0" encoding="UTF-8"?>
<!-- Generated by org.testng.reporters.JUnitReportReporter -->
<testsuite skipped="0" hostname="DESKTOP-PJ4T7BF" name="steps.RunnerFile" tests="7" failures="0" timestamp="2024-04-21T13:29:45 CDT" time="97.707" errors="0">
  <testcase name="runScenario" time="19.718" classname="steps.RunnerFile"/>
  <system-out/>
  <testcase name="runScenario" time="9.792" classname="steps.RunnerFile"/>
  <system-out/>
  <testcase name="runScenario" time="7.851" classname="steps.RunnerFile"/>
  <system-out/>
  <testcase name="runScenario" time="20.768" classname="steps.RunnerFile"/>
  <system-out/>
  <testcase name="runScenario" time="10.164" classname="steps.RunnerFile"/>
  <system-out/>
  <testcase name="runScenario" time="7.780" classname="steps.RunnerFile"/>
  <system-out/>
  <testcase name="runScenario" time="21.634" classname="steps.RunnerFile"/>
  <system-out/>
</testsuite> <!-- steps.RunnerFile -->
