<?xml version="1.0" encoding="UTF-8"?>
<!-- Generated by org.testng.reporters.JUnitReportReporter -->
<testsuite skipped="0" hostname="DESKTOP-ONH3S9L" name="testCases.TC001_LoginLogOut" tests="2" failures="0" timestamp="2020-05-22T02:48:13 CDT" time="38.071" errors="0">
  <testcase name="loginLogOut" time="22.290" classname="testCases.TC001_LoginLogOut"/>
  <testcase name="loginLogOut" time="15.781" classname="testCases.TC001_LoginLogOut"/>
</testsuite> <!-- testCases.TC001_LoginLogOut -->
