<?xml version="1.0" encoding="UTF-8"?>
<!-- Generated by org.testng.reporters.JUnitReportReporter -->
<testsuite skipped="0" hostname="DESKTOP-PJ4T7BF" name="steps.RunnerFile" tests="7" failures="0" timestamp="2024-02-24T09:19:29 CST" time="13.832" errors="7">
  <testcase name="runScenario" time="1.722" classname="steps.RunnerFile">
    <error type="org.openqa.selenium.SessionNotCreatedException" message="session not created: This version of ChromeDriver only supports Chrome version 110
Current browser version is 121.0.6167.189 with binary path C:\Program Files\Google\Chrome\Application\chrome.exe
Build info: version: &#039;3.141.59&#039;, revision: &#039;e82be7d358&#039;, time: &#039;2018-11-14T08:17:03&#039;
System info: host: &#039;DESKTOP-PJ4T7BF&#039;, ip: &#039;192.168.1.212&#039;, os.name: &#039;Windows 10&#039;, os.arch: &#039;amd64&#039;, os.version: &#039;10.0&#039;, java.version: &#039;1.8.0_171&#039;
Driver info: driver.version: ChromeDriver
remote stacktrace: Backtrace:
	(No symbol) [0x00B837D3]
	(No symbol) [0x00B18B81]
	(No symbol) [0x00A1B36D]
	(No symbol) [0x00A3ED6D]
	(No symbol) [0x00A39B90]
	(No symbol) [0x00A36FC9]
	(No symbol) [0x00A71ED5]
	(No symbol) [0x00A71B2C]
	(No symbol) [0x00A6B216]
	(No symbol) [0x00A40D97]
	(No symbol) [0x00A4253D]
	GetHandleVerifier [0x00DFABF2+2510930]
	GetHandleVerifier [0x00E28EC1+2700065]
	GetHandleVerifier [0x00E2C86C+2714828]
	GetHandleVerifier [0x00C33480+645344]
	(No symbol) [0x00B20FD2]
	(No symbol) [0x00B26C68]
	(No symbol) [0x00B26D4B]
	(No symbol) [0x00B30D6B]
	BaseThreadInitThunk [0x767B7BA9+25]
	RtlInitializeExceptionChain [0x773BBD2B+107]
	RtlClearBits [0x773BBCAF+191]
">
      <![CDATA[org.openqa.selenium.SessionNotCreatedException: session not created: This version of ChromeDriver only supports Chrome version 110
Current browser version is 121.0.6167.189 with binary path C:\Program Files\Google\Chrome\Application\chrome.exe
Build info: version: '3.141.59', revision: 'e82be7d358', time: '2018-11-14T08:17:03'
System info: host: 'DESKTOP-PJ4T7BF', ip: '192.168.1.212', os.name: 'Windows 10', os.arch: 'amd64', os.version: '10.0', java.version: '1.8.0_171'
Driver info: driver.version: ChromeDriver
remote stacktrace: Backtrace:
(No symbol) [0x00B837D3]
(No symbol) [0x00B18B81]
(No symbol) [0x00A1B36D]
(No symbol) [0x00A3ED6D]
(No symbol) [0x00A39B90]
(No symbol) [0x00A36FC9]
(No symbol) [0x00A71ED5]
(No symbol) [0x00A71B2C]
(No symbol) [0x00A6B216]
(No symbol) [0x00A40D97]
(No symbol) [0x00A4253D]
GetHandleVerifier [0x00DFABF2+2510930]
GetHandleVerifier [0x00E28EC1+2700065]
GetHandleVerifier [0x00E2C86C+2714828]
GetHandleVerifier [0x00C33480+645344]
(No symbol) [0x00B20FD2]
(No symbol) [0x00B26C68]
(No symbol) [0x00B26D4B]
(No symbol) [0x00B30D6B]
BaseThreadInitThunk [0x767B7BA9+25]
RtlInitializeExceptionChain [0x773BBD2B+107]
RtlClearBits [0x773BBCAF+191]

at sun.reflect.NativeConstructorAccessorImpl.newInstance0(Native Method)
at sun.reflect.NativeConstructorAccessorImpl.newInstance(Unknown Source)
at sun.reflect.DelegatingConstructorAccessorImpl.newInstance(Unknown Source)
at java.lang.reflect.Constructor.newInstance(Unknown Source)
at org.openqa.selenium.remote.W3CHandshakeResponse.lambda$errorHandler$0(W3CHandshakeResponse.java:62)
at org.openqa.selenium.remote.HandshakeResponse.lambda$getResponseFunction$0(HandshakeResponse.java:30)
at org.openqa.selenium.remote.ProtocolHandshake.lambda$createSession$0(ProtocolHandshake.java:126)
at java.util.stream.ReferencePipeline$3$1.accept(Unknown Source)
at java.util.Spliterators$ArraySpliterator.tryAdvance(Unknown Source)
at java.util.stream.ReferencePipeline.forEachWithCancel(Unknown Source)
at java.util.stream.AbstractPipeline.copyIntoWithCancel(Unknown Source)
at java.util.stream.AbstractPipeline.copyInto(Unknown Source)
at java.util.stream.AbstractPipeline.wrapAndCopyInto(Unknown Source)
at java.util.stream.FindOps$FindOp.evaluateSequential(Unknown Source)
at java.util.stream.AbstractPipeline.evaluate(Unknown Source)
at java.util.stream.ReferencePipeline.findFirst(Unknown Source)
at org.openqa.selenium.remote.ProtocolHandshake.createSession(ProtocolHandshake.java:128)
at org.openqa.selenium.remote.ProtocolHandshake.createSession(ProtocolHandshake.java:74)
at org.openqa.selenium.remote.HttpCommandExecutor.execute(HttpCommandExecutor.java:136)
at org.openqa.selenium.remote.service.DriverCommandExecutor.execute(DriverCommandExecutor.java:83)
at org.openqa.selenium.remote.RemoteWebDriver.execute(RemoteWebDriver.java:552)
at org.openqa.selenium.remote.RemoteWebDriver.startSession(RemoteWebDriver.java:213)
at org.openqa.selenium.remote.RemoteWebDriver.<init>(RemoteWebDriver.java:131)
at org.openqa.selenium.chrome.ChromeDriver.<init>(ChromeDriver.java:181)
at org.openqa.selenium.chrome.ChromeDriver.<init>(ChromeDriver.java:168)
at org.openqa.selenium.chrome.ChromeDriver.<init>(ChromeDriver.java:123)
at steps.LoginTest.launchChromeBrowserAndLoadUrl(LoginTest.java:27)
at ✽.Launch chrome browser and load url(file:src/test/java/features/doc.feature:39)
]]>
    </error>
  </testcase> <!-- runScenario -->
  <system-out/>
  <testcase name="runScenario" time="1.779" classname="steps.RunnerFile">
    <error type="org.openqa.selenium.SessionNotCreatedException" message="session not created: This version of ChromeDriver only supports Chrome version 110
Current browser version is 121.0.6167.189 with binary path C:\Program Files\Google\Chrome\Application\chrome.exe
Build info: version: &#039;3.141.59&#039;, revision: &#039;e82be7d358&#039;, time: &#039;2018-11-14T08:17:03&#039;
System info: host: &#039;DESKTOP-PJ4T7BF&#039;, ip: &#039;192.168.1.212&#039;, os.name: &#039;Windows 10&#039;, os.arch: &#039;amd64&#039;, os.version: &#039;10.0&#039;, java.version: &#039;1.8.0_171&#039;
Driver info: driver.version: ChromeDriver
remote stacktrace: Backtrace:
	(No symbol) [0x00B837D3]
	(No symbol) [0x00B18B81]
	(No symbol) [0x00A1B36D]
	(No symbol) [0x00A3ED6D]
	(No symbol) [0x00A39B90]
	(No symbol) [0x00A36FC9]
	(No symbol) [0x00A71ED5]
	(No symbol) [0x00A71B2C]
	(No symbol) [0x00A6B216]
	(No symbol) [0x00A40D97]
	(No symbol) [0x00A4253D]
	GetHandleVerifier [0x00DFABF2+2510930]
	GetHandleVerifier [0x00E28EC1+2700065]
	GetHandleVerifier [0x00E2C86C+2714828]
	GetHandleVerifier [0x00C33480+645344]
	(No symbol) [0x00B20FD2]
	(No symbol) [0x00B26C68]
	(No symbol) [0x00B26D4B]
	(No symbol) [0x00B30D6B]
	BaseThreadInitThunk [0x767B7BA9+25]
	RtlInitializeExceptionChain [0x773BBD2B+107]
	RtlClearBits [0x773BBCAF+191]
">
      <![CDATA[org.openqa.selenium.SessionNotCreatedException: session not created: This version of ChromeDriver only supports Chrome version 110
Current browser version is 121.0.6167.189 with binary path C:\Program Files\Google\Chrome\Application\chrome.exe
Build info: version: '3.141.59', revision: 'e82be7d358', time: '2018-11-14T08:17:03'
System info: host: 'DESKTOP-PJ4T7BF', ip: '192.168.1.212', os.name: 'Windows 10', os.arch: 'amd64', os.version: '10.0', java.version: '1.8.0_171'
Driver info: driver.version: ChromeDriver
remote stacktrace: Backtrace:
(No symbol) [0x00B837D3]
(No symbol) [0x00B18B81]
(No symbol) [0x00A1B36D]
(No symbol) [0x00A3ED6D]
(No symbol) [0x00A39B90]
(No symbol) [0x00A36FC9]
(No symbol) [0x00A71ED5]
(No symbol) [0x00A71B2C]
(No symbol) [0x00A6B216]
(No symbol) [0x00A40D97]
(No symbol) [0x00A4253D]
GetHandleVerifier [0x00DFABF2+2510930]
GetHandleVerifier [0x00E28EC1+2700065]
GetHandleVerifier [0x00E2C86C+2714828]
GetHandleVerifier [0x00C33480+645344]
(No symbol) [0x00B20FD2]
(No symbol) [0x00B26C68]
(No symbol) [0x00B26D4B]
(No symbol) [0x00B30D6B]
BaseThreadInitThunk [0x767B7BA9+25]
RtlInitializeExceptionChain [0x773BBD2B+107]
RtlClearBits [0x773BBCAF+191]

at sun.reflect.NativeConstructorAccessorImpl.newInstance0(Native Method)
at sun.reflect.NativeConstructorAccessorImpl.newInstance(Unknown Source)
at sun.reflect.DelegatingConstructorAccessorImpl.newInstance(Unknown Source)
at java.lang.reflect.Constructor.newInstance(Unknown Source)
at org.openqa.selenium.remote.W3CHandshakeResponse.lambda$errorHandler$0(W3CHandshakeResponse.java:62)
at org.openqa.selenium.remote.HandshakeResponse.lambda$getResponseFunction$0(HandshakeResponse.java:30)
at org.openqa.selenium.remote.ProtocolHandshake.lambda$createSession$0(ProtocolHandshake.java:126)
at java.util.stream.ReferencePipeline$3$1.accept(Unknown Source)
at java.util.Spliterators$ArraySpliterator.tryAdvance(Unknown Source)
at java.util.stream.ReferencePipeline.forEachWithCancel(Unknown Source)
at java.util.stream.AbstractPipeline.copyIntoWithCancel(Unknown Source)
at java.util.stream.AbstractPipeline.copyInto(Unknown Source)
at java.util.stream.AbstractPipeline.wrapAndCopyInto(Unknown Source)
at java.util.stream.FindOps$FindOp.evaluateSequential(Unknown Source)
at java.util.stream.AbstractPipeline.evaluate(Unknown Source)
at java.util.stream.ReferencePipeline.findFirst(Unknown Source)
at org.openqa.selenium.remote.ProtocolHandshake.createSession(ProtocolHandshake.java:128)
at org.openqa.selenium.remote.ProtocolHandshake.createSession(ProtocolHandshake.java:74)
at org.openqa.selenium.remote.HttpCommandExecutor.execute(HttpCommandExecutor.java:136)
at org.openqa.selenium.remote.service.DriverCommandExecutor.execute(DriverCommandExecutor.java:83)
at org.openqa.selenium.remote.RemoteWebDriver.execute(RemoteWebDriver.java:552)
at org.openqa.selenium.remote.RemoteWebDriver.startSession(RemoteWebDriver.java:213)
at org.openqa.selenium.remote.RemoteWebDriver.<init>(RemoteWebDriver.java:131)
at org.openqa.selenium.chrome.ChromeDriver.<init>(ChromeDriver.java:181)
at org.openqa.selenium.chrome.ChromeDriver.<init>(ChromeDriver.java:168)
at org.openqa.selenium.chrome.ChromeDriver.<init>(ChromeDriver.java:123)
at steps.LoginTest.launchChromeBrowserAndLoadUrl(LoginTest.java:27)
at ✽.Launch chrome browser and load url(file:src/test/java/features/doc.feature:23)
]]>
    </error>
  </testcase> <!-- runScenario -->
  <system-out/>
  <testcase name="runScenario" time="3.294" classname="steps.RunnerFile">
    <error type="org.openqa.selenium.SessionNotCreatedException" message="session not created: This version of ChromeDriver only supports Chrome version 110
Current browser version is 121.0.6167.189 with binary path C:\Program Files\Google\Chrome\Application\chrome.exe
Build info: version: &#039;3.141.59&#039;, revision: &#039;e82be7d358&#039;, time: &#039;2018-11-14T08:17:03&#039;
System info: host: &#039;DESKTOP-PJ4T7BF&#039;, ip: &#039;192.168.1.212&#039;, os.name: &#039;Windows 10&#039;, os.arch: &#039;amd64&#039;, os.version: &#039;10.0&#039;, java.version: &#039;1.8.0_171&#039;
Driver info: driver.version: ChromeDriver
remote stacktrace: Backtrace:
	(No symbol) [0x00B837D3]
	(No symbol) [0x00B18B81]
	(No symbol) [0x00A1B36D]
	(No symbol) [0x00A3ED6D]
	(No symbol) [0x00A39B90]
	(No symbol) [0x00A36FC9]
	(No symbol) [0x00A71ED5]
	(No symbol) [0x00A71B2C]
	(No symbol) [0x00A6B216]
	(No symbol) [0x00A40D97]
	(No symbol) [0x00A4253D]
	GetHandleVerifier [0x00DFABF2+2510930]
	GetHandleVerifier [0x00E28EC1+2700065]
	GetHandleVerifier [0x00E2C86C+2714828]
	GetHandleVerifier [0x00C33480+645344]
	(No symbol) [0x00B20FD2]
	(No symbol) [0x00B26C68]
	(No symbol) [0x00B26D4B]
	(No symbol) [0x00B30D6B]
	BaseThreadInitThunk [0x767B7BA9+25]
	RtlInitializeExceptionChain [0x773BBD2B+107]
	RtlClearBits [0x773BBCAF+191]
">
      <![CDATA[org.openqa.selenium.SessionNotCreatedException: session not created: This version of ChromeDriver only supports Chrome version 110
Current browser version is 121.0.6167.189 with binary path C:\Program Files\Google\Chrome\Application\chrome.exe
Build info: version: '3.141.59', revision: 'e82be7d358', time: '2018-11-14T08:17:03'
System info: host: 'DESKTOP-PJ4T7BF', ip: '192.168.1.212', os.name: 'Windows 10', os.arch: 'amd64', os.version: '10.0', java.version: '1.8.0_171'
Driver info: driver.version: ChromeDriver
remote stacktrace: Backtrace:
(No symbol) [0x00B837D3]
(No symbol) [0x00B18B81]
(No symbol) [0x00A1B36D]
(No symbol) [0x00A3ED6D]
(No symbol) [0x00A39B90]
(No symbol) [0x00A36FC9]
(No symbol) [0x00A71ED5]
(No symbol) [0x00A71B2C]
(No symbol) [0x00A6B216]
(No symbol) [0x00A40D97]
(No symbol) [0x00A4253D]
GetHandleVerifier [0x00DFABF2+2510930]
GetHandleVerifier [0x00E28EC1+2700065]
GetHandleVerifier [0x00E2C86C+2714828]
GetHandleVerifier [0x00C33480+645344]
(No symbol) [0x00B20FD2]
(No symbol) [0x00B26C68]
(No symbol) [0x00B26D4B]
(No symbol) [0x00B30D6B]
BaseThreadInitThunk [0x767B7BA9+25]
RtlInitializeExceptionChain [0x773BBD2B+107]
RtlClearBits [0x773BBCAF+191]

at sun.reflect.NativeConstructorAccessorImpl.newInstance0(Native Method)
at sun.reflect.NativeConstructorAccessorImpl.newInstance(Unknown Source)
at sun.reflect.DelegatingConstructorAccessorImpl.newInstance(Unknown Source)
at java.lang.reflect.Constructor.newInstance(Unknown Source)
at org.openqa.selenium.remote.W3CHandshakeResponse.lambda$errorHandler$0(W3CHandshakeResponse.java:62)
at org.openqa.selenium.remote.HandshakeResponse.lambda$getResponseFunction$0(HandshakeResponse.java:30)
at org.openqa.selenium.remote.ProtocolHandshake.lambda$createSession$0(ProtocolHandshake.java:126)
at java.util.stream.ReferencePipeline$3$1.accept(Unknown Source)
at java.util.Spliterators$ArraySpliterator.tryAdvance(Unknown Source)
at java.util.stream.ReferencePipeline.forEachWithCancel(Unknown Source)
at java.util.stream.AbstractPipeline.copyIntoWithCancel(Unknown Source)
at java.util.stream.AbstractPipeline.copyInto(Unknown Source)
at java.util.stream.AbstractPipeline.wrapAndCopyInto(Unknown Source)
at java.util.stream.FindOps$FindOp.evaluateSequential(Unknown Source)
at java.util.stream.AbstractPipeline.evaluate(Unknown Source)
at java.util.stream.ReferencePipeline.findFirst(Unknown Source)
at org.openqa.selenium.remote.ProtocolHandshake.createSession(ProtocolHandshake.java:128)
at org.openqa.selenium.remote.ProtocolHandshake.createSession(ProtocolHandshake.java:74)
at org.openqa.selenium.remote.HttpCommandExecutor.execute(HttpCommandExecutor.java:136)
at org.openqa.selenium.remote.service.DriverCommandExecutor.execute(DriverCommandExecutor.java:83)
at org.openqa.selenium.remote.RemoteWebDriver.execute(RemoteWebDriver.java:552)
at org.openqa.selenium.remote.RemoteWebDriver.startSession(RemoteWebDriver.java:213)
at org.openqa.selenium.remote.RemoteWebDriver.<init>(RemoteWebDriver.java:131)
at org.openqa.selenium.chrome.ChromeDriver.<init>(ChromeDriver.java:181)
at org.openqa.selenium.chrome.ChromeDriver.<init>(ChromeDriver.java:168)
at org.openqa.selenium.chrome.ChromeDriver.<init>(ChromeDriver.java:123)
at steps.LoginTest.launchChromeBrowserAndLoadUrl(LoginTest.java:27)
at ✽.Launch chrome browser and load url(file:src/test/java/features/doc.feature:6)
]]>
    </error>
  </testcase> <!-- runScenario -->
  <system-out/>
  <testcase name="runScenario" time="1.780" classname="steps.RunnerFile">
    <error type="org.openqa.selenium.SessionNotCreatedException" message="session not created: This version of ChromeDriver only supports Chrome version 110
Current browser version is 121.0.6167.189 with binary path C:\Program Files\Google\Chrome\Application\chrome.exe
Build info: version: &#039;3.141.59&#039;, revision: &#039;e82be7d358&#039;, time: &#039;2018-11-14T08:17:03&#039;
System info: host: &#039;DESKTOP-PJ4T7BF&#039;, ip: &#039;192.168.1.212&#039;, os.name: &#039;Windows 10&#039;, os.arch: &#039;amd64&#039;, os.version: &#039;10.0&#039;, java.version: &#039;1.8.0_171&#039;
Driver info: driver.version: ChromeDriver
remote stacktrace: Backtrace:
	(No symbol) [0x00B837D3]
	(No symbol) [0x00B18B81]
	(No symbol) [0x00A1B36D]
	(No symbol) [0x00A3ED6D]
	(No symbol) [0x00A39B90]
	(No symbol) [0x00A36FC9]
	(No symbol) [0x00A71ED5]
	(No symbol) [0x00A71B2C]
	(No symbol) [0x00A6B216]
	(No symbol) [0x00A40D97]
	(No symbol) [0x00A4253D]
	GetHandleVerifier [0x00DFABF2+2510930]
	GetHandleVerifier [0x00E28EC1+2700065]
	GetHandleVerifier [0x00E2C86C+2714828]
	GetHandleVerifier [0x00C33480+645344]
	(No symbol) [0x00B20FD2]
	(No symbol) [0x00B26C68]
	(No symbol) [0x00B26D4B]
	(No symbol) [0x00B30D6B]
	BaseThreadInitThunk [0x767B7BA9+25]
	RtlInitializeExceptionChain [0x773BBD2B+107]
	RtlClearBits [0x773BBCAF+191]
">
      <![CDATA[org.openqa.selenium.SessionNotCreatedException: session not created: This version of ChromeDriver only supports Chrome version 110
Current browser version is 121.0.6167.189 with binary path C:\Program Files\Google\Chrome\Application\chrome.exe
Build info: version: '3.141.59', revision: 'e82be7d358', time: '2018-11-14T08:17:03'
System info: host: 'DESKTOP-PJ4T7BF', ip: '192.168.1.212', os.name: 'Windows 10', os.arch: 'amd64', os.version: '10.0', java.version: '1.8.0_171'
Driver info: driver.version: ChromeDriver
remote stacktrace: Backtrace:
(No symbol) [0x00B837D3]
(No symbol) [0x00B18B81]
(No symbol) [0x00A1B36D]
(No symbol) [0x00A3ED6D]
(No symbol) [0x00A39B90]
(No symbol) [0x00A36FC9]
(No symbol) [0x00A71ED5]
(No symbol) [0x00A71B2C]
(No symbol) [0x00A6B216]
(No symbol) [0x00A40D97]
(No symbol) [0x00A4253D]
GetHandleVerifier [0x00DFABF2+2510930]
GetHandleVerifier [0x00E28EC1+2700065]
GetHandleVerifier [0x00E2C86C+2714828]
GetHandleVerifier [0x00C33480+645344]
(No symbol) [0x00B20FD2]
(No symbol) [0x00B26C68]
(No symbol) [0x00B26D4B]
(No symbol) [0x00B30D6B]
BaseThreadInitThunk [0x767B7BA9+25]
RtlInitializeExceptionChain [0x773BBD2B+107]
RtlClearBits [0x773BBCAF+191]

at sun.reflect.NativeConstructorAccessorImpl.newInstance0(Native Method)
at sun.reflect.NativeConstructorAccessorImpl.newInstance(Unknown Source)
at sun.reflect.DelegatingConstructorAccessorImpl.newInstance(Unknown Source)
at java.lang.reflect.Constructor.newInstance(Unknown Source)
at org.openqa.selenium.remote.W3CHandshakeResponse.lambda$errorHandler$0(W3CHandshakeResponse.java:62)
at org.openqa.selenium.remote.HandshakeResponse.lambda$getResponseFunction$0(HandshakeResponse.java:30)
at org.openqa.selenium.remote.ProtocolHandshake.lambda$createSession$0(ProtocolHandshake.java:126)
at java.util.stream.ReferencePipeline$3$1.accept(Unknown Source)
at java.util.Spliterators$ArraySpliterator.tryAdvance(Unknown Source)
at java.util.stream.ReferencePipeline.forEachWithCancel(Unknown Source)
at java.util.stream.AbstractPipeline.copyIntoWithCancel(Unknown Source)
at java.util.stream.AbstractPipeline.copyInto(Unknown Source)
at java.util.stream.AbstractPipeline.wrapAndCopyInto(Unknown Source)
at java.util.stream.FindOps$FindOp.evaluateSequential(Unknown Source)
at java.util.stream.AbstractPipeline.evaluate(Unknown Source)
at java.util.stream.ReferencePipeline.findFirst(Unknown Source)
at org.openqa.selenium.remote.ProtocolHandshake.createSession(ProtocolHandshake.java:128)
at org.openqa.selenium.remote.ProtocolHandshake.createSession(ProtocolHandshake.java:74)
at org.openqa.selenium.remote.HttpCommandExecutor.execute(HttpCommandExecutor.java:136)
at org.openqa.selenium.remote.service.DriverCommandExecutor.execute(DriverCommandExecutor.java:83)
at org.openqa.selenium.remote.RemoteWebDriver.execute(RemoteWebDriver.java:552)
at org.openqa.selenium.remote.RemoteWebDriver.startSession(RemoteWebDriver.java:213)
at org.openqa.selenium.remote.RemoteWebDriver.<init>(RemoteWebDriver.java:131)
at org.openqa.selenium.chrome.ChromeDriver.<init>(ChromeDriver.java:181)
at org.openqa.selenium.chrome.ChromeDriver.<init>(ChromeDriver.java:168)
at org.openqa.selenium.chrome.ChromeDriver.<init>(ChromeDriver.java:123)
at steps.LoginTest.launchChromeBrowserAndLoadUrl(LoginTest.java:27)
at ✽.Launch chrome browser and load url(file:src/test/java/features/doc.feature:6)
]]>
    </error>
  </testcase> <!-- runScenario -->
  <system-out/>
  <testcase name="runScenario" time="1.662" classname="steps.RunnerFile">
    <error type="org.openqa.selenium.SessionNotCreatedException" message="session not created: This version of ChromeDriver only supports Chrome version 110
Current browser version is 121.0.6167.189 with binary path C:\Program Files\Google\Chrome\Application\chrome.exe
Build info: version: &#039;3.141.59&#039;, revision: &#039;e82be7d358&#039;, time: &#039;2018-11-14T08:17:03&#039;
System info: host: &#039;DESKTOP-PJ4T7BF&#039;, ip: &#039;192.168.1.212&#039;, os.name: &#039;Windows 10&#039;, os.arch: &#039;amd64&#039;, os.version: &#039;10.0&#039;, java.version: &#039;1.8.0_171&#039;
Driver info: driver.version: ChromeDriver
remote stacktrace: Backtrace:
	(No symbol) [0x00B837D3]
	(No symbol) [0x00B18B81]
	(No symbol) [0x00A1B36D]
	(No symbol) [0x00A3ED6D]
	(No symbol) [0x00A39B90]
	(No symbol) [0x00A36FC9]
	(No symbol) [0x00A71ED5]
	(No symbol) [0x00A71B2C]
	(No symbol) [0x00A6B216]
	(No symbol) [0x00A40D97]
	(No symbol) [0x00A4253D]
	GetHandleVerifier [0x00DFABF2+2510930]
	GetHandleVerifier [0x00E28EC1+2700065]
	GetHandleVerifier [0x00E2C86C+2714828]
	GetHandleVerifier [0x00C33480+645344]
	(No symbol) [0x00B20FD2]
	(No symbol) [0x00B26C68]
	(No symbol) [0x00B26D4B]
	(No symbol) [0x00B30D6B]
	BaseThreadInitThunk [0x767B7BA9+25]
	RtlInitializeExceptionChain [0x773BBD2B+107]
	RtlClearBits [0x773BBCAF+191]
">
      <![CDATA[org.openqa.selenium.SessionNotCreatedException: session not created: This version of ChromeDriver only supports Chrome version 110
Current browser version is 121.0.6167.189 with binary path C:\Program Files\Google\Chrome\Application\chrome.exe
Build info: version: '3.141.59', revision: 'e82be7d358', time: '2018-11-14T08:17:03'
System info: host: 'DESKTOP-PJ4T7BF', ip: '192.168.1.212', os.name: 'Windows 10', os.arch: 'amd64', os.version: '10.0', java.version: '1.8.0_171'
Driver info: driver.version: ChromeDriver
remote stacktrace: Backtrace:
(No symbol) [0x00B837D3]
(No symbol) [0x00B18B81]
(No symbol) [0x00A1B36D]
(No symbol) [0x00A3ED6D]
(No symbol) [0x00A39B90]
(No symbol) [0x00A36FC9]
(No symbol) [0x00A71ED5]
(No symbol) [0x00A71B2C]
(No symbol) [0x00A6B216]
(No symbol) [0x00A40D97]
(No symbol) [0x00A4253D]
GetHandleVerifier [0x00DFABF2+2510930]
GetHandleVerifier [0x00E28EC1+2700065]
GetHandleVerifier [0x00E2C86C+2714828]
GetHandleVerifier [0x00C33480+645344]
(No symbol) [0x00B20FD2]
(No symbol) [0x00B26C68]
(No symbol) [0x00B26D4B]
(No symbol) [0x00B30D6B]
BaseThreadInitThunk [0x767B7BA9+25]
RtlInitializeExceptionChain [0x773BBD2B+107]
RtlClearBits [0x773BBCAF+191]

at sun.reflect.NativeConstructorAccessorImpl.newInstance0(Native Method)
at sun.reflect.NativeConstructorAccessorImpl.newInstance(Unknown Source)
at sun.reflect.DelegatingConstructorAccessorImpl.newInstance(Unknown Source)
at java.lang.reflect.Constructor.newInstance(Unknown Source)
at org.openqa.selenium.remote.W3CHandshakeResponse.lambda$errorHandler$0(W3CHandshakeResponse.java:62)
at org.openqa.selenium.remote.HandshakeResponse.lambda$getResponseFunction$0(HandshakeResponse.java:30)
at org.openqa.selenium.remote.ProtocolHandshake.lambda$createSession$0(ProtocolHandshake.java:126)
at java.util.stream.ReferencePipeline$3$1.accept(Unknown Source)
at java.util.Spliterators$ArraySpliterator.tryAdvance(Unknown Source)
at java.util.stream.ReferencePipeline.forEachWithCancel(Unknown Source)
at java.util.stream.AbstractPipeline.copyIntoWithCancel(Unknown Source)
at java.util.stream.AbstractPipeline.copyInto(Unknown Source)
at java.util.stream.AbstractPipeline.wrapAndCopyInto(Unknown Source)
at java.util.stream.FindOps$FindOp.evaluateSequential(Unknown Source)
at java.util.stream.AbstractPipeline.evaluate(Unknown Source)
at java.util.stream.ReferencePipeline.findFirst(Unknown Source)
at org.openqa.selenium.remote.ProtocolHandshake.createSession(ProtocolHandshake.java:128)
at org.openqa.selenium.remote.ProtocolHandshake.createSession(ProtocolHandshake.java:74)
at org.openqa.selenium.remote.HttpCommandExecutor.execute(HttpCommandExecutor.java:136)
at org.openqa.selenium.remote.service.DriverCommandExecutor.execute(DriverCommandExecutor.java:83)
at org.openqa.selenium.remote.RemoteWebDriver.execute(RemoteWebDriver.java:552)
at org.openqa.selenium.remote.RemoteWebDriver.startSession(RemoteWebDriver.java:213)
at org.openqa.selenium.remote.RemoteWebDriver.<init>(RemoteWebDriver.java:131)
at org.openqa.selenium.chrome.ChromeDriver.<init>(ChromeDriver.java:181)
at org.openqa.selenium.chrome.ChromeDriver.<init>(ChromeDriver.java:168)
at org.openqa.selenium.chrome.ChromeDriver.<init>(ChromeDriver.java:123)
at steps.LoginTest.launchChromeBrowserAndLoadUrl(LoginTest.java:27)
at ✽.Launch chrome browser and load url(file:src/test/java/features/doc.feature:39)
]]>
    </error>
  </testcase> <!-- runScenario -->
  <system-out/>
  <testcase name="runScenario" time="1.803" classname="steps.RunnerFile">
    <error type="org.openqa.selenium.SessionNotCreatedException" message="session not created: This version of ChromeDriver only supports Chrome version 110
Current browser version is 121.0.6167.189 with binary path C:\Program Files\Google\Chrome\Application\chrome.exe
Build info: version: &#039;3.141.59&#039;, revision: &#039;e82be7d358&#039;, time: &#039;2018-11-14T08:17:03&#039;
System info: host: &#039;DESKTOP-PJ4T7BF&#039;, ip: &#039;192.168.1.212&#039;, os.name: &#039;Windows 10&#039;, os.arch: &#039;amd64&#039;, os.version: &#039;10.0&#039;, java.version: &#039;1.8.0_171&#039;
Driver info: driver.version: ChromeDriver
remote stacktrace: Backtrace:
	(No symbol) [0x00B837D3]
	(No symbol) [0x00B18B81]
	(No symbol) [0x00A1B36D]
	(No symbol) [0x00A3ED6D]
	(No symbol) [0x00A39B90]
	(No symbol) [0x00A36FC9]
	(No symbol) [0x00A71ED5]
	(No symbol) [0x00A71B2C]
	(No symbol) [0x00A6B216]
	(No symbol) [0x00A40D97]
	(No symbol) [0x00A4253D]
	GetHandleVerifier [0x00DFABF2+2510930]
	GetHandleVerifier [0x00E28EC1+2700065]
	GetHandleVerifier [0x00E2C86C+2714828]
	GetHandleVerifier [0x00C33480+645344]
	(No symbol) [0x00B20FD2]
	(No symbol) [0x00B26C68]
	(No symbol) [0x00B26D4B]
	(No symbol) [0x00B30D6B]
	BaseThreadInitThunk [0x767B7BA9+25]
	RtlInitializeExceptionChain [0x773BBD2B+107]
	RtlClearBits [0x773BBCAF+191]
">
      <![CDATA[org.openqa.selenium.SessionNotCreatedException: session not created: This version of ChromeDriver only supports Chrome version 110
Current browser version is 121.0.6167.189 with binary path C:\Program Files\Google\Chrome\Application\chrome.exe
Build info: version: '3.141.59', revision: 'e82be7d358', time: '2018-11-14T08:17:03'
System info: host: 'DESKTOP-PJ4T7BF', ip: '192.168.1.212', os.name: 'Windows 10', os.arch: 'amd64', os.version: '10.0', java.version: '1.8.0_171'
Driver info: driver.version: ChromeDriver
remote stacktrace: Backtrace:
(No symbol) [0x00B837D3]
(No symbol) [0x00B18B81]
(No symbol) [0x00A1B36D]
(No symbol) [0x00A3ED6D]
(No symbol) [0x00A39B90]
(No symbol) [0x00A36FC9]
(No symbol) [0x00A71ED5]
(No symbol) [0x00A71B2C]
(No symbol) [0x00A6B216]
(No symbol) [0x00A40D97]
(No symbol) [0x00A4253D]
GetHandleVerifier [0x00DFABF2+2510930]
GetHandleVerifier [0x00E28EC1+2700065]
GetHandleVerifier [0x00E2C86C+2714828]
GetHandleVerifier [0x00C33480+645344]
(No symbol) [0x00B20FD2]
(No symbol) [0x00B26C68]
(No symbol) [0x00B26D4B]
(No symbol) [0x00B30D6B]
BaseThreadInitThunk [0x767B7BA9+25]
RtlInitializeExceptionChain [0x773BBD2B+107]
RtlClearBits [0x773BBCAF+191]

at sun.reflect.NativeConstructorAccessorImpl.newInstance0(Native Method)
at sun.reflect.NativeConstructorAccessorImpl.newInstance(Unknown Source)
at sun.reflect.DelegatingConstructorAccessorImpl.newInstance(Unknown Source)
at java.lang.reflect.Constructor.newInstance(Unknown Source)
at org.openqa.selenium.remote.W3CHandshakeResponse.lambda$errorHandler$0(W3CHandshakeResponse.java:62)
at org.openqa.selenium.remote.HandshakeResponse.lambda$getResponseFunction$0(HandshakeResponse.java:30)
at org.openqa.selenium.remote.ProtocolHandshake.lambda$createSession$0(ProtocolHandshake.java:126)
at java.util.stream.ReferencePipeline$3$1.accept(Unknown Source)
at java.util.Spliterators$ArraySpliterator.tryAdvance(Unknown Source)
at java.util.stream.ReferencePipeline.forEachWithCancel(Unknown Source)
at java.util.stream.AbstractPipeline.copyIntoWithCancel(Unknown Source)
at java.util.stream.AbstractPipeline.copyInto(Unknown Source)
at java.util.stream.AbstractPipeline.wrapAndCopyInto(Unknown Source)
at java.util.stream.FindOps$FindOp.evaluateSequential(Unknown Source)
at java.util.stream.AbstractPipeline.evaluate(Unknown Source)
at java.util.stream.ReferencePipeline.findFirst(Unknown Source)
at org.openqa.selenium.remote.ProtocolHandshake.createSession(ProtocolHandshake.java:128)
at org.openqa.selenium.remote.ProtocolHandshake.createSession(ProtocolHandshake.java:74)
at org.openqa.selenium.remote.HttpCommandExecutor.execute(HttpCommandExecutor.java:136)
at org.openqa.selenium.remote.service.DriverCommandExecutor.execute(DriverCommandExecutor.java:83)
at org.openqa.selenium.remote.RemoteWebDriver.execute(RemoteWebDriver.java:552)
at org.openqa.selenium.remote.RemoteWebDriver.startSession(RemoteWebDriver.java:213)
at org.openqa.selenium.remote.RemoteWebDriver.<init>(RemoteWebDriver.java:131)
at org.openqa.selenium.chrome.ChromeDriver.<init>(ChromeDriver.java:181)
at org.openqa.selenium.chrome.ChromeDriver.<init>(ChromeDriver.java:168)
at org.openqa.selenium.chrome.ChromeDriver.<init>(ChromeDriver.java:123)
at steps.LoginTest.launchChromeBrowserAndLoadUrl(LoginTest.java:27)
at ✽.Launch chrome browser and load url(file:src/test/java/features/doc.feature:23)
]]>
    </error>
  </testcase> <!-- runScenario -->
  <system-out/>
  <testcase name="runScenario" time="1.792" classname="steps.RunnerFile">
    <error type="org.openqa.selenium.SessionNotCreatedException" message="session not created: This version of ChromeDriver only supports Chrome version 110
Current browser version is 121.0.6167.189 with binary path C:\Program Files\Google\Chrome\Application\chrome.exe
Build info: version: &#039;3.141.59&#039;, revision: &#039;e82be7d358&#039;, time: &#039;2018-11-14T08:17:03&#039;
System info: host: &#039;DESKTOP-PJ4T7BF&#039;, ip: &#039;192.168.1.212&#039;, os.name: &#039;Windows 10&#039;, os.arch: &#039;amd64&#039;, os.version: &#039;10.0&#039;, java.version: &#039;1.8.0_171&#039;
Driver info: driver.version: ChromeDriver
remote stacktrace: Backtrace:
	(No symbol) [0x00B837D3]
	(No symbol) [0x00B18B81]
	(No symbol) [0x00A1B36D]
	(No symbol) [0x00A3ED6D]
	(No symbol) [0x00A39B90]
	(No symbol) [0x00A36FC9]
	(No symbol) [0x00A71ED5]
	(No symbol) [0x00A71B2C]
	(No symbol) [0x00A6B216]
	(No symbol) [0x00A40D97]
	(No symbol) [0x00A4253D]
	GetHandleVerifier [0x00DFABF2+2510930]
	GetHandleVerifier [0x00E28EC1+2700065]
	GetHandleVerifier [0x00E2C86C+2714828]
	GetHandleVerifier [0x00C33480+645344]
	(No symbol) [0x00B20FD2]
	(No symbol) [0x00B26C68]
	(No symbol) [0x00B26D4B]
	(No symbol) [0x00B30D6B]
	BaseThreadInitThunk [0x767B7BA9+25]
	RtlInitializeExceptionChain [0x773BBD2B+107]
	RtlClearBits [0x773BBCAF+191]
">
      <![CDATA[org.openqa.selenium.SessionNotCreatedException: session not created: This version of ChromeDriver only supports Chrome version 110
Current browser version is 121.0.6167.189 with binary path C:\Program Files\Google\Chrome\Application\chrome.exe
Build info: version: '3.141.59', revision: 'e82be7d358', time: '2018-11-14T08:17:03'
System info: host: 'DESKTOP-PJ4T7BF', ip: '192.168.1.212', os.name: 'Windows 10', os.arch: 'amd64', os.version: '10.0', java.version: '1.8.0_171'
Driver info: driver.version: ChromeDriver
remote stacktrace: Backtrace:
(No symbol) [0x00B837D3]
(No symbol) [0x00B18B81]
(No symbol) [0x00A1B36D]
(No symbol) [0x00A3ED6D]
(No symbol) [0x00A39B90]
(No symbol) [0x00A36FC9]
(No symbol) [0x00A71ED5]
(No symbol) [0x00A71B2C]
(No symbol) [0x00A6B216]
(No symbol) [0x00A40D97]
(No symbol) [0x00A4253D]
GetHandleVerifier [0x00DFABF2+2510930]
GetHandleVerifier [0x00E28EC1+2700065]
GetHandleVerifier [0x00E2C86C+2714828]
GetHandleVerifier [0x00C33480+645344]
(No symbol) [0x00B20FD2]
(No symbol) [0x00B26C68]
(No symbol) [0x00B26D4B]
(No symbol) [0x00B30D6B]
BaseThreadInitThunk [0x767B7BA9+25]
RtlInitializeExceptionChain [0x773BBD2B+107]
RtlClearBits [0x773BBCAF+191]

at sun.reflect.NativeConstructorAccessorImpl.newInstance0(Native Method)
at sun.reflect.NativeConstructorAccessorImpl.newInstance(Unknown Source)
at sun.reflect.DelegatingConstructorAccessorImpl.newInstance(Unknown Source)
at java.lang.reflect.Constructor.newInstance(Unknown Source)
at org.openqa.selenium.remote.W3CHandshakeResponse.lambda$errorHandler$0(W3CHandshakeResponse.java:62)
at org.openqa.selenium.remote.HandshakeResponse.lambda$getResponseFunction$0(HandshakeResponse.java:30)
at org.openqa.selenium.remote.ProtocolHandshake.lambda$createSession$0(ProtocolHandshake.java:126)
at java.util.stream.ReferencePipeline$3$1.accept(Unknown Source)
at java.util.Spliterators$ArraySpliterator.tryAdvance(Unknown Source)
at java.util.stream.ReferencePipeline.forEachWithCancel(Unknown Source)
at java.util.stream.AbstractPipeline.copyIntoWithCancel(Unknown Source)
at java.util.stream.AbstractPipeline.copyInto(Unknown Source)
at java.util.stream.AbstractPipeline.wrapAndCopyInto(Unknown Source)
at java.util.stream.FindOps$FindOp.evaluateSequential(Unknown Source)
at java.util.stream.AbstractPipeline.evaluate(Unknown Source)
at java.util.stream.ReferencePipeline.findFirst(Unknown Source)
at org.openqa.selenium.remote.ProtocolHandshake.createSession(ProtocolHandshake.java:128)
at org.openqa.selenium.remote.ProtocolHandshake.createSession(ProtocolHandshake.java:74)
at org.openqa.selenium.remote.HttpCommandExecutor.execute(HttpCommandExecutor.java:136)
at org.openqa.selenium.remote.service.DriverCommandExecutor.execute(DriverCommandExecutor.java:83)
at org.openqa.selenium.remote.RemoteWebDriver.execute(RemoteWebDriver.java:552)
at org.openqa.selenium.remote.RemoteWebDriver.startSession(RemoteWebDriver.java:213)
at org.openqa.selenium.remote.RemoteWebDriver.<init>(RemoteWebDriver.java:131)
at org.openqa.selenium.chrome.ChromeDriver.<init>(ChromeDriver.java:181)
at org.openqa.selenium.chrome.ChromeDriver.<init>(ChromeDriver.java:168)
at org.openqa.selenium.chrome.ChromeDriver.<init>(ChromeDriver.java:123)
at steps.LoginTest.launchChromeBrowserAndLoadUrl(LoginTest.java:27)
at ✽.Launch chrome browser and load url(file:src/test/java/features/doc.feature:39)
]]>
    </error>
  </testcase> <!-- runScenario -->
  <system-out/>
</testsuite> <!-- steps.RunnerFile -->
