<?xml version="1.0" encoding="UTF-8"?>
<!-- Generated by org.testng.reporters.JUnitReportReporter -->
<testsuite skipped="0" hostname="DESKTOP-ONH3S9L" name="steps.RunnerFile" tests="7" failures="0" timestamp="2020-06-28T19:20:55 CDT" time="82.868" errors="7">
  <testcase name="runScenario" time="9.984" classname="steps.RunnerFile">
    <error type="java.lang.NullPointerException">
      <![CDATA[java.lang.NullPointerException
at steps.LoginTest.enterUsernameAsDemosalesmanager(LoginTest.java:32)
at ✽.enter username as demosalesmanager(file:src/test/java/features/doc.feature:34)
]]>
    </error>
  </testcase> <!-- runScenario -->
  <testcase name="runScenario" time="12.590" classname="steps.RunnerFile">
    <error type="java.lang.NullPointerException">
      <![CDATA[java.lang.NullPointerException
at steps.LoginTest.enterUsernameAsDemosalesmanager(LoginTest.java:32)
at ✽.enter username as ssssss(file:src/test/java/features/doc.feature:23)
]]>
    </error>
  </testcase> <!-- runScenario -->
  <testcase name="runScenario" time="9.830" classname="steps.RunnerFile">
    <error type="java.lang.NullPointerException">
      <![CDATA[java.lang.NullPointerException
at steps.LoginTest.enterUsernameAsDemosalesmanager(LoginTest.java:32)
at ✽.enter username as demosalesmanager(file:src/test/java/features/doc.feature:73)
]]>
    </error>
  </testcase> <!-- runScenario -->
  <testcase name="runScenario" time="12.313" classname="steps.RunnerFile">
    <error type="java.lang.NullPointerException">
      <![CDATA[java.lang.NullPointerException
at steps.LoginTest.enterUsernameAsDemosalesmanager(LoginTest.java:32)
at ✽.enter username as DemoSalesManager(file:src/test/java/features/doc.feature:7)
]]>
    </error>
  </testcase> <!-- runScenario -->
  <testcase name="runScenario" time="9.260" classname="steps.RunnerFile">
    <error type="java.lang.NullPointerException">
      <![CDATA[java.lang.NullPointerException
at steps.LoginTest.enterUsernameAsDemosalesmanager(LoginTest.java:32)
at ✽.enter username as DemoCSR(file:src/test/java/features/doc.feature:7)
]]>
    </error>
  </testcase> <!-- runScenario -->
  <testcase name="runScenario" time="10.294" classname="steps.RunnerFile">
    <error type="java.lang.NullPointerException">
      <![CDATA[java.lang.NullPointerException
at steps.LoginTest.enterUsernameAsDemosalesmanager(LoginTest.java:32)
at ✽.enter username as demosalesmanager(file:src/test/java/features/editlead.feature:5)
]]>
    </error>
  </testcase> <!-- runScenario -->
  <testcase name="runScenario" time="18.597" classname="steps.RunnerFile">
    <error type="java.lang.NullPointerException">
      <![CDATA[java.lang.NullPointerException
at steps.LoginTest.enterUsernameAsDemosalesmanager(LoginTest.java:32)
at ✽.enter username as demosalesmanager(file:src/test/java/features/doc.feature:52)
]]>
    </error>
  </testcase> <!-- runScenario -->
</testsuite> <!-- steps.RunnerFile -->
