<?xml version="1.0" encoding="UTF-8"?>
<!-- Generated by org.testng.reporters.JUnitReportReporter -->
<testsuite skipped="1" hostname="DESKTOP-ONH3S9L" name="steps.RunnerFile" tests="1" failures="0" timestamp="2020-05-23T02:38:41 CDT" time="0.000" errors="0">
  <testcase name="runScenario" time="0.000" classname="steps.RunnerFile">
    <skipped/>
  </testcase> <!-- runScenario -->
</testsuite> <!-- steps.RunnerFile -->
