<?xml version="1.0" encoding="UTF-8"?>
<!-- Generated by org.testng.reporters.JUnitReportReporter -->
<testsuite skipped="0" hostname="DESKTOP-ONH3S9L" name="testCases.TC001_LoginLogOut" tests="2" failures="0" timestamp="2020-09-01T21:11:41 CDT" time="28.708" errors="0">
  <testcase name="loginLogOut" time="12.288" classname="testCases.TC001_LoginLogOut"/>
  <testcase name="loginLogOut" time="16.420" classname="testCases.TC001_LoginLogOut"/>
</testsuite> <!-- testCases.TC001_LoginLogOut -->
