<?xml version="1.0" encoding="UTF-8"?>
<!-- Generated by org.testng.reporters.JUnitReportReporter -->
<testsuite skipped="0" hostname="DESKTOP-PJ4T7BF" name="testCases.TC001_LoginLogOut" tests="2" failures="0" timestamp="2022-02-15T19:06:36 CST" time="13.955" errors="0">
  <testcase name="loginLogOut" time="6.163" classname="testCases.TC001_LoginLogOut"/>
  <testcase name="loginLogOut" time="7.792" classname="testCases.TC001_LoginLogOut"/>
</testsuite> <!-- testCases.TC001_LoginLogOut -->
