<?xml version="1.0" encoding="UTF-8"?>
<!-- Generated by org.testng.reporters.JUnitReportReporter -->
<testsuite skipped="0" hostname="DESKTOP-ONH3S9L" name="testCases.TC002_CreateLead" tests="1" failures="0" timestamp="2020-09-03T14:44:00 CDT" time="46.509" errors="0">
  <testcase name="createLead" time="46.509" classname="testCases.TC002_CreateLead"/>
</testsuite> <!-- testCases.TC002_CreateLead -->
