<?xml version="1.0" encoding="UTF-8"?>
<!-- Generated by org.testng.reporters.JUnitReportReporter -->
<testsuite skipped="0" hostname="DESKTOP-PJ4T7BF" name="testCases.TC003_EditLead" tests="1" failures="0" timestamp="2021-11-28T14:51:13 CST" time="26.427" errors="0">
  <testcase name="editLead" time="26.427" classname="testCases.TC003_EditLead"/>
</testsuite> <!-- testCases.TC003_EditLead -->
