<?xml version="1.0" encoding="UTF-8"?>
<!-- Generated by org.testng.reporters.JUnitReportReporter -->
<testsuite skipped="0" hostname="DESKTOP-ONH3S9L" name="testCases.TC002_CreateLead" tests="1" failures="0" timestamp="2020-05-04T19:41:38 CDT" time="33.266" errors="0">
  <testcase name="createLead" time="33.266" classname="testCases.TC002_CreateLead"/>
</testsuite> <!-- testCases.TC002_CreateLead -->
