<?xml version="1.0" encoding="UTF-8"?>
<!-- Generated by org.testng.reporters.JUnitReportReporter -->
<testsuite skipped="0" hostname="DESKTOP-ONH3S9L" name="testCases.TC001_LoginLogOut" tests="2" failures="0" timestamp="2020-09-07T13:17:07 CDT" time="29.134" errors="0">
  <testcase name="loginLogOut" time="12.668" classname="testCases.TC001_LoginLogOut"/>
  <testcase name="loginLogOut" time="16.466" classname="testCases.TC001_LoginLogOut"/>
</testsuite> <!-- testCases.TC001_LoginLogOut -->
