<?xml version="1.0" encoding="UTF-8"?>
<!-- Generated by org.testng.reporters.JUnitReportReporter -->
<testsuite skipped="0" hostname="DESKTOP-PJ4T7BF" name="steps.RunnerFile" tests="4" failures="0" timestamp="2022-03-09T22:12:42 CST" time="20.136" errors="0">
  <testcase name="runScenario" time="4.479" classname="steps.RunnerFile"/>
  <testcase name="runScenario" time="5.902" classname="steps.RunnerFile"/>
  <testcase name="runScenario" time="4.696" classname="steps.RunnerFile"/>
  <testcase name="runScenario" time="5.059" classname="steps.RunnerFile"/>
</testsuite> <!-- steps.RunnerFile -->
