<?xml version="1.0" encoding="UTF-8"?>
<!-- Generated by org.testng.reporters.JUnitReportReporter -->
<testsuite skipped="0" hostname="DESKTOP-PJ4T7BF" name="testCases.TC002_CreateLead" tests="2" failures="0" timestamp="2021-05-02T22:07:48 CDT" time="39.622" errors="0">
  <testcase name="createLead" time="20.392" classname="testCases.TC002_CreateLead"/>
  <testcase name="createLead" time="19.230" classname="testCases.TC002_CreateLead"/>
</testsuite> <!-- testCases.TC002_CreateLead -->
