<?xml version="1.0" encoding="UTF-8"?>
<!-- Generated by org.testng.reporters.JUnitReportReporter -->
<testsuite skipped="0" hostname="DESKTOP-ONH3S9L" name="testCases.TC002_CreateLead" tests="1" failures="0" timestamp="2020-09-07T13:18:51 CDT" time="43.549" errors="0">
  <testcase name="createLead" time="43.549" classname="testCases.TC002_CreateLead"/>
</testsuite> <!-- testCases.TC002_CreateLead -->
